cd build && make check
make[1]: Entering directory '/home/donct/pintos/src/vm/build'
perl -I../.. ../../tests/userprog/open-twice.ck tests/userprog/open-twice tests/userprog/open-twice.result
FAIL tests/userprog/open-twice
Kernel panic in run: PANIC at ../../threads/init.c:273 in parse_options(): unknown option `-f' (use -h for help)
Call stack: 0xc002cc02 0xc00208c4 0xc0020403
Translation of call stack:
0xc002cc02: ustar_make_header (...r.c:112 (discriminator 4))
0xc00208c4: parse_options (.../../../threads/init.c:251)
0xc0020403: main (...d/../../threads/init.c:88)
pintos -v -k -T 60 --qemu  --filesys-size=2 -p tests/userprog/close-normal -a close-normal -p ../../tests/userprog/sample.txt -a sample.txt --swap-size=4 -- -q  -f run close-normal < /dev/null 2> tests/userprog/close-normal.errors > tests/userprog/close-normal.output
perl -I../.. ../../tests/userprog/close-normal.ck tests/userprog/close-normal tests/userprog/close-normal.result
FAIL tests/userprog/close-normal
Kernel panic in run: PANIC at ../../threads/init.c:273 in parse_options(): unknown option `-f' (use -h for help)
Call stack: 0xc002cc02 0xc00208c4 0xc0020403
Translation of call stack:
0xc002cc02: ustar_make_header (...r.c:112 (discriminator 4))
0xc00208c4: parse_options (.../../../threads/init.c:251)
0xc0020403: main (...d/../../threads/init.c:88)
pintos -v -k -T 60 --qemu  --filesys-size=2 -p tests/userprog/close-twice -a close-twice -p ../../tests/userprog/sample.txt -a sample.txt --swap-size=4 -- -q  -f run close-twice < /dev/null 2> tests/userprog/close-twice.errors > tests/userprog/close-twice.output
perl -I../.. ../../tests/userprog/close-twice.ck tests/userprog/close-twice tests/userprog/close-twice.result
FAIL tests/userprog/close-twice
Kernel panic in run: PANIC at ../../threads/init.c:273 in parse_options(): unknown option `-f' (use -h for help)
Call stack: 0xc002cc02 0xc00208c4 0xc0020403
Translation of call stack:
0xc002cc02: ustar_make_header (...r.c:112 (discriminator 4))
0xc00208c4: parse_options (.../../../threads/init.c:251)
0xc0020403: main (...d/../../threads/init.c:88)
pintos -v -k -T 60 --qemu  --filesys-size=2 -p tests/userprog/close-stdin -a close-stdin --swap-size=4 -- -q  -f run close-stdin < /dev/null 2> tests/userprog/close-stdin.errors > tests/userprog/close-stdin.output
perl -I../.. ../../tests/userprog/close-stdin.ck tests/userprog/close-stdin tests/userprog/close-stdin.result
FAIL tests/userprog/close-stdin
Kernel panic in run: PANIC at ../../threads/init.c:273 in parse_options(): unknown option `-f' (use -h for help)
Call stack: 0xc002cc02 0xc00208c4 0xc0020403
Translation of call stack:
0xc002cc02: ustar_make_header (...r.c:112 (discriminator 4))
0xc00208c4: parse_options (.../../../threads/init.c:251)
0xc0020403: main (...d/../../threads/init.c:88)
pintos -v -k -T 60 --qemu  --filesys-size=2 -p tests/userprog/close-stdout -a close-stdout --swap-size=4 -- -q  -f run close-stdout < /dev/null 2> tests/userprog/close-stdout.errors > tests/userprog/close-stdout.output
perl -I../.. ../../tests/userprog/close-stdout.ck tests/userprog/close-stdout tests/userprog/close-stdout.result
FAIL tests/userprog/close-stdout
Kernel panic in run: PANIC at ../../threads/init.c:273 in parse_options(): unknown option `-f' (use -h for help)
Call stack: 0xc002cc02 0xc00208c4 0xc0020403
Translation of call stack:
0xc002cc02: ustar_make_header (...r.c:112 (discriminator 4))
0xc00208c4: parse_options (.../../../threads/init.c:251)
0xc0020403: main (...d/../../threads/init.c:88)
pintos -v -k -T 60 --qemu  --filesys-size=2 -p tests/userprog/close-bad-fd -a close-bad-fd --swap-size=4 -- -q  -f run close-bad-fd < /dev/null 2> tests/userprog/close-bad-fd.errors > tests/userprog/close-bad-fd.output
perl -I../.. ../../tests/userprog/close-bad-fd.ck tests/userprog/close-bad-fd tests/userprog/close-bad-fd.result
FAIL tests/userprog/close-bad-fd
Kernel panic in run: PANIC at ../../threads/init.c:273 in parse_options(): unknown option `-f' (use -h for help)
Call stack: 0xc002cc02 0xc00208c4 0xc0020403
Translation of call stack:
0xc002cc02: ustar_make_header (...r.c:112 (discriminator 4))
0xc00208c4: parse_options (.../../../threads/init.c:251)
0xc0020403: main (...d/../../threads/init.c:88)
pintos -v -k -T 60 --qemu  --filesys-size=2 -p tests/userprog/read-normal -a read-normal -p ../../tests/userprog/sample.txt -a sample.txt --swap-size=4 -- -q  -f run read-normal < /dev/null 2> tests/userprog/read-normal.errors > tests/userprog/read-normal.output
perl -I../.. ../../tests/userprog/read-normal.ck tests/userprog/read-normal tests/userprog/read-normal.result
FAIL tests/userprog/read-normal
Kernel panic in run: PANIC at ../../threads/init.c:273 in parse_options(): unknown option `-f' (use -h for help)
Call stack: 0xc002cc02 0xc00208c4 0xc0020403
Translation of call stack:
0xc002cc02: ustar_make_header (...r.c:112 (discriminator 4))
0xc00208c4: parse_options (.../../../threads/init.c:251)
0xc0020403: main (...d/../../threads/init.c:88)
pintos -v -k -T 60 --qemu  --filesys-size=2 -p tests/userprog/read-bad-ptr -a read-bad-ptr -p ../../tests/userprog/sample.txt -a sample.txt --swap-size=4 -- -q  -f run read-bad-ptr < /dev/null 2> tests/userprog/read-bad-ptr.errors > tests/userprog/read-bad-ptr.output
perl -I../.. ../../tests/userprog/read-bad-ptr.ck tests/userprog/read-bad-ptr tests/userprog/read-bad-ptr.result
FAIL tests/userprog/read-bad-ptr
Kernel panic in run: PANIC at ../../threads/init.c:273 in parse_options(): unknown option `-f' (use -h for help)
Call stack: 0xc002cc02 0xc00208c4 0xc0020403
Translation of call stack:
0xc002cc02: ustar_make_header (...r.c:112 (discriminator 4))
0xc00208c4: parse_options (.../../../threads/init.c:251)
0xc0020403: main (...d/../../threads/init.c:88)
pintos -v -k -T 60 --qemu  --filesys-size=2 -p tests/userprog/read-boundary -a read-boundary -p ../../tests/userprog/sample.txt -a sample.txt --swap-size=4 -- -q  -f run read-boundary < /dev/null 2> tests/userprog/read-boundary.errors > tests/userprog/read-boundary.output
perl -I../.. ../../tests/userprog/read-boundary.ck tests/userprog/read-boundary tests/userprog/read-boundary.result
FAIL tests/userprog/read-boundary
Kernel panic in run: PANIC at ../../threads/init.c:273 in parse_options(): unknown option `-f' (use -h for help)
Call stack: 0xc002cc02 0xc00208c4 0xc0020403
Translation of call stack:
0xc002cc02: ustar_make_header (...r.c:112 (discriminator 4))
0xc00208c4: parse_options (.../../../threads/init.c:251)
0xc0020403: main (...d/../../threads/init.c:88)
pintos -v -k -T 60 --qemu  --filesys-size=2 -p tests/userprog/read-zero -a read-zero -p ../../tests/userprog/sample.txt -a sample.txt --swap-size=4 -- -q  -f run read-zero < /dev/null 2> tests/userprog/read-zero.errors > tests/userprog/read-zero.output
perl -I../.. ../../tests/userprog/read-zero.ck tests/userprog/read-zero tests/userprog/read-zero.result
FAIL tests/userprog/read-zero
Kernel panic in run: PANIC at ../../threads/init.c:273 in parse_options(): unknown option `-f' (use -h for help)
Call stack: 0xc002cc02 0xc00208c4 0xc0020403
Translation of call stack:
0xc002cc02: ustar_make_header (...r.c:112 (discriminator 4))
0xc00208c4: parse_options (.../../../threads/init.c:251)
0xc0020403: main (...d/../../threads/init.c:88)
pintos -v -k -T 60 --qemu  --filesys-size=2 -p tests/userprog/read-stdout -a read-stdout --swap-size=4 -- -q  -f run read-stdout < /dev/null 2> tests/userprog/read-stdout.errors > tests/userprog/read-stdout.output
perl -I../.. ../../tests/userprog/read-stdout.ck tests/userprog/read-stdout tests/userprog/read-stdout.result
FAIL tests/userprog/read-stdout
Kernel panic in run: PANIC at ../../threads/init.c:273 in parse_options(): unknown option `-f' (use -h for help)
Call stack: 0xc002cc02 0xc00208c4 0xc0020403
Translation of call stack:
0xc002cc02: ustar_make_header (...r.c:112 (discriminator 4))
0xc00208c4: parse_options (.../../../threads/init.c:251)
0xc0020403: main (...d/../../threads/init.c:88)
pintos -v -k -T 60 --qemu  --filesys-size=2 -p tests/userprog/read-bad-fd -a read-bad-fd --swap-size=4 -- -q  -f run read-bad-fd < /dev/null 2> tests/userprog/read-bad-fd.errors > tests/userprog/read-bad-fd.output
perl -I../.. ../../tests/userprog/read-bad-fd.ck tests/userprog/read-bad-fd tests/userprog/read-bad-fd.result
FAIL tests/userprog/read-bad-fd
Kernel panic in run: PANIC at ../../threads/init.c:273 in parse_options(): unknown option `-f' (use -h for help)
Call stack: 0xc002cc02 0xc00208c4 0xc0020403
Translation of call stack:
0xc002cc02: ustar_make_header (...r.c:112 (discriminator 4))
0xc00208c4: parse_options (.../../../threads/init.c:251)
0xc0020403: main (...d/../../threads/init.c:88)
pintos -v -k -T 60 --qemu  --filesys-size=2 -p tests/userprog/write-normal -a write-normal -p ../../tests/userprog/sample.txt -a sample.txt --swap-size=4 -- -q  -f run write-normal < /dev/null 2> tests/userprog/write-normal.errors > tests/userprog/write-normal.output
perl -I../.. ../../tests/userprog/write-normal.ck tests/userprog/write-normal tests/userprog/write-normal.result
FAIL tests/userprog/write-normal
Kernel panic in run: PANIC at ../../threads/init.c:273 in parse_options(): unknown option `-f' (use -h for help)
Call stack: 0xc002cc02 0xc00208c4 0xc0020403
Translation of call stack:
0xc002cc02: ustar_make_header (...r.c:112 (discriminator 4))
0xc00208c4: parse_options (.../../../threads/init.c:251)
0xc0020403: main (...d/../../threads/init.c:88)
pintos -v -k -T 60 --qemu  --filesys-size=2 -p tests/userprog/write-bad-ptr -a write-bad-ptr -p ../../tests/userprog/sample.txt -a sample.txt --swap-size=4 -- -q  -f run write-bad-ptr < /dev/null 2> tests/userprog/write-bad-ptr.errors > tests/userprog/write-bad-ptr.output
perl -I../.. ../../tests/userprog/write-bad-ptr.ck tests/userprog/write-bad-ptr tests/userprog/write-bad-ptr.result
FAIL tests/userprog/write-bad-ptr
Kernel panic in run: PANIC at ../../threads/init.c:273 in parse_options(): unknown option `-f' (use -h for help)
Call stack: 0xc002cc02 0xc00208c4 0xc0020403
Translation of call stack:
0xc002cc02: ustar_make_header (...r.c:112 (discriminator 4))
0xc00208c4: parse_options (.../../../threads/init.c:251)
0xc0020403: main (...d/../../threads/init.c:88)
pintos -v -k -T 60 --qemu  --filesys-size=2 -p tests/userprog/write-boundary -a write-boundary -p ../../tests/userprog/sample.txt -a sample.txt --swap-size=4 -- -q  -f run write-boundary < /dev/null 2> tests/userprog/write-boundary.errors > tests/userprog/write-boundary.output
perl -I../.. ../../tests/userprog/write-boundary.ck tests/userprog/write-boundary tests/userprog/write-boundary.result
FAIL tests/userprog/write-boundary
Kernel panic in run: PANIC at ../../threads/init.c:273 in parse_options(): unknown option `-f' (use -h for help)
Call stack: 0xc002cc02 0xc00208c4 0xc0020403
Translation of call stack:
0xc002cc02: ustar_make_header (...r.c:112 (discriminator 4))
0xc00208c4: parse_options (.../../../threads/init.c:251)
0xc0020403: main (...d/../../threads/init.c:88)
pintos -v -k -T 60 --qemu  --filesys-size=2 -p tests/userprog/write-zero -a write-zero -p ../../tests/userprog/sample.txt -a sample.txt --swap-size=4 -- -q  -f run write-zero < /dev/null 2> tests/userprog/write-zero.errors > tests/userprog/write-zero.output
perl -I../.. ../../tests/userprog/write-zero.ck tests/userprog/write-zero tests/userprog/write-zero.result
FAIL tests/userprog/write-zero
Kernel panic in run: PANIC at ../../threads/init.c:273 in parse_options(): unknown option `-f' (use -h for help)
Call stack: 0xc002cc02 0xc00208c4 0xc0020403
Translation of call stack:
0xc002cc02: ustar_make_header (...r.c:112 (discriminator 4))
0xc00208c4: parse_options (.../../../threads/init.c:251)
0xc0020403: main (...d/../../threads/init.c:88)
pintos -v -k -T 60 --qemu  --filesys-size=2 -p tests/userprog/write-stdin -a write-stdin --swap-size=4 -- -q  -f run write-stdin < /dev/null 2> tests/userprog/write-stdin.errors > tests/userprog/write-stdin.output
perl -I../.. ../../tests/userprog/write-stdin.ck tests/userprog/write-stdin tests/userprog/write-stdin.result
FAIL tests/userprog/write-stdin
Kernel panic in run: PANIC at ../../threads/init.c:273 in parse_options(): unknown option `-f' (use -h for help)
Call stack: 0xc002cc02 0xc00208c4 0xc0020403
Translation of call stack:
0xc002cc02: ustar_make_header (...r.c:112 (discriminator 4))
0xc00208c4: parse_options (.../../../threads/init.c:251)
0xc0020403: main (...d/../../threads/init.c:88)
pintos -v -k -T 60 --qemu  --filesys-size=2 -p tests/userprog/write-bad-fd -a write-bad-fd --swap-size=4 -- -q  -f run write-bad-fd < /dev/null 2> tests/userprog/write-bad-fd.errors > tests/userprog/write-bad-fd.output
perl -I../.. ../../tests/userprog/write-bad-fd.ck tests/userprog/write-bad-fd tests/userprog/write-bad-fd.result
FAIL tests/userprog/write-bad-fd
Kernel panic in run: PANIC at ../../threads/init.c:273 in parse_options(): unknown option `-f' (use -h for help)
Call stack: 0xc002cc02 0xc00208c4 0xc0020403
Translation of call stack:
0xc002cc02: ustar_make_header (...r.c:112 (discriminator 4))
0xc00208c4: parse_options (.../../../threads/init.c:251)
0xc0020403: main (...d/../../threads/init.c:88)
pintos -v -k -T 60 --qemu  --filesys-size=2 -p tests/userprog/exec-once -a exec-once -p tests/userprog/child-simple -a child-simple --swap-size=4 -- -q  -f run exec-once < /dev/null 2> tests/userprog/exec-once.errors > tests/userprog/exec-once.output
perl -I../.. ../../tests/userprog/exec-once.ck tests/userprog/exec-once tests/userprog/exec-once.result
FAIL tests/userprog/exec-once
Kernel panic in run: PANIC at ../../threads/init.c:273 in parse_options(): unknown option `-f' (use -h for help)
Call stack: 0xc002cc02 0xc00208c4 0xc0020403
Translation of call stack:
0xc002cc02: ustar_make_header (...r.c:112 (discriminator 4))
0xc00208c4: parse_options (.../../../threads/init.c:251)
0xc0020403: main (...d/../../threads/init.c:88)
pintos -v -k -T 60 --qemu  --filesys-size=2 -p tests/userprog/exec-arg -a exec-arg -p tests/userprog/child-args -a child-args --swap-size=4 -- -q  -f run exec-arg < /dev/null 2> tests/userprog/exec-arg.errors > tests/userprog/exec-arg.output
perl -I../.. ../../tests/userprog/exec-arg.ck tests/userprog/exec-arg tests/userprog/exec-arg.result
FAIL tests/userprog/exec-arg
Kernel panic in run: PANIC at ../../threads/init.c:273 in parse_options(): unknown option `-f' (use -h for help)
Call stack: 0xc002cc02 0xc00208c4 0xc0020403
Translation of call stack:
0xc002cc02: ustar_make_header (...r.c:112 (discriminator 4))
0xc00208c4: parse_options (.../../../threads/init.c:251)
0xc0020403: main (...d/../../threads/init.c:88)
pintos -v -k -T 60 --qemu  --filesys-size=2 -p tests/userprog/exec-bound -a exec-bound -p tests/userprog/child-args -a child-args --swap-size=4 -- -q  -f run exec-bound < /dev/null 2> tests/userprog/exec-bound.errors > tests/userprog/exec-bound.output
perl -I../.. ../../tests/userprog/exec-bound.ck tests/userprog/exec-bound tests/userprog/exec-bound.result
FAIL tests/userprog/exec-bound
Kernel panic in run: PANIC at ../../threads/init.c:273 in parse_options(): unknown option `-f' (use -h for help)
Call stack: 0xc002cc02 0xc00208c4 0xc0020403
Translation of call stack:
0xc002cc02: ustar_make_header (...r.c:112 (discriminator 4))
0xc00208c4: parse_options (.../../../threads/init.c:251)
0xc0020403: main (...d/../../threads/init.c:88)
pintos -v -k -T 60 --qemu  --filesys-size=2 -p tests/userprog/exec-bound-2 -a exec-bound-2 --swap-size=4 -- -q  -f run exec-bound-2 < /dev/null 2> tests/userprog/exec-bound-2.errors > tests/userprog/exec-bound-2.output
perl -I../.. ../../tests/userprog/exec-bound-2.ck tests/userprog/exec-bound-2 tests/userprog/exec-bound-2.result
FAIL tests/userprog/exec-bound-2
Kernel panic in run: PANIC at ../../threads/init.c:273 in parse_options(): unknown option `-f' (use -h for help)
Call stack: 0xc002cc02 0xc00208c4 0xc0020403
Translation of call stack:
0xc002cc02: ustar_make_header (...r.c:112 (discriminator 4))
0xc00208c4: parse_options (.../../../threads/init.c:251)
0xc0020403: main (...d/../../threads/init.c:88)
pintos -v -k -T 60 --qemu  --filesys-size=2 -p tests/userprog/exec-bound-3 -a exec-bound-3 --swap-size=4 -- -q  -f run exec-bound-3 < /dev/null 2> tests/userprog/exec-bound-3.errors > tests/userprog/exec-bound-3.output
perl -I../.. ../../tests/userprog/exec-bound-3.ck tests/userprog/exec-bound-3 tests/userprog/exec-bound-3.result
FAIL tests/userprog/exec-bound-3
Kernel panic in run: PANIC at ../../threads/init.c:273 in parse_options(): unknown option `-f' (use -h for help)
Call stack: 0xc002cc02 0xc00208c4 0xc0020403
Translation of call stack:
0xc002cc02: ustar_make_header (...r.c:112 (discriminator 4))
0xc00208c4: parse_options (.../../../threads/init.c:251)
0xc0020403: main (...d/../../threads/init.c:88)
pintos -v -k -T 60 --qemu  --filesys-size=2 -p tests/userprog/exec-multiple -a exec-multiple -p tests/userprog/child-simple -a child-simple --swap-size=4 -- -q  -f run exec-multiple < /dev/null 2> tests/userprog/exec-multiple.errors > tests/userprog/exec-multiple.output
perl -I../.. ../../tests/userprog/exec-multiple.ck tests/userprog/exec-multiple tests/userprog/exec-multiple.result
FAIL tests/userprog/exec-multiple
Kernel panic in run: PANIC at ../../threads/init.c:273 in parse_options(): unknown option `-f' (use -h for help)
Call stack: 0xc002cc02 0xc00208c4 0xc0020403
Translation of call stack:
0xc002cc02: ustar_make_header (...r.c:112 (discriminator 4))
0xc00208c4: parse_options (.../../../threads/init.c:251)
0xc0020403: main (...d/../../threads/init.c:88)
pintos -v -k -T 60 --qemu  --filesys-size=2 -p tests/userprog/exec-missing -a exec-missing --swap-size=4 -- -q  -f run exec-missing < /dev/null 2> tests/userprog/exec-missing.errors > tests/userprog/exec-missing.output
perl -I../.. ../../tests/userprog/exec-missing.ck tests/userprog/exec-missing tests/userprog/exec-missing.result
FAIL tests/userprog/exec-missing
Kernel panic in run: PANIC at ../../threads/init.c:273 in parse_options(): unknown option `-f' (use -h for help)
Call stack: 0xc002cc02 0xc00208c4 0xc0020403
Translation of call stack:
0xc002cc02: ustar_make_header (...r.c:112 (discriminator 4))
0xc00208c4: parse_options (.../../../threads/init.c:251)
0xc0020403: main (...d/../../threads/init.c:88)
pintos -v -k -T 60 --qemu  --filesys-size=2 -p tests/userprog/exec-bad-ptr -a exec-bad-ptr --swap-size=4 -- -q  -f run exec-bad-ptr < /dev/null 2> tests/userprog/exec-bad-ptr.errors > tests/userprog/exec-bad-ptr.output
perl -I../.. ../../tests/userprog/exec-bad-ptr.ck tests/userprog/exec-bad-ptr tests/userprog/exec-bad-ptr.result
FAIL tests/userprog/exec-bad-ptr
Kernel panic in run: PANIC at ../../threads/init.c:273 in parse_options(): unknown option `-f' (use -h for help)
Call stack: 0xc002cc02 0xc00208c4 0xc0020403
Translation of call stack:
0xc002cc02: ustar_make_header (...r.c:112 (discriminator 4))
0xc00208c4: parse_options (.../../../threads/init.c:251)
0xc0020403: main (...d/../../threads/init.c:88)
pintos -v -k -T 60 --qemu  --filesys-size=2 -p tests/userprog/wait-simple -a wait-simple -p tests/userprog/child-simple -a child-simple --swap-size=4 -- -q  -f run wait-simple < /dev/null 2> tests/userprog/wait-simple.errors > tests/userprog/wait-simple.output
perl -I../.. ../../tests/userprog/wait-simple.ck tests/userprog/wait-simple tests/userprog/wait-simple.result
FAIL tests/userprog/wait-simple
Kernel panic in run: PANIC at ../../threads/init.c:273 in parse_options(): unknown option `-f' (use -h for help)
Call stack: 0xc002cc02 0xc00208c4 0xc0020403
Translation of call stack:
0xc002cc02: ustar_make_header (...r.c:112 (discriminator 4))
0xc00208c4: parse_options (.../../../threads/init.c:251)
0xc0020403: main (...d/../../threads/init.c:88)
pintos -v -k -T 60 --qemu  --filesys-size=2 -p tests/userprog/wait-twice -a wait-twice -p tests/userprog/child-simple -a child-simple --swap-size=4 -- -q  -f run wait-twice < /dev/null 2> tests/userprog/wait-twice.errors > tests/userprog/wait-twice.output
perl -I../.. ../../tests/userprog/wait-twice.ck tests/userprog/wait-twice tests/userprog/wait-twice.result
FAIL tests/userprog/wait-twice
Kernel panic in run: PANIC at ../../threads/init.c:273 in parse_options(): unknown option `-f' (use -h for help)
Call stack: 0xc002cc02 0xc00208c4 0xc0020403
Translation of call stack:
0xc002cc02: ustar_make_header (...r.c:112 (discriminator 4))
0xc00208c4: parse_options (.../../../threads/init.c:251)
0xc0020403: main (...d/../../threads/init.c:88)
pintos -v -k -T 60 --qemu  --filesys-size=2 -p tests/userprog/wait-killed -a wait-killed -p tests/userprog/child-bad -a child-bad --swap-size=4 -- -q  -f run wait-killed < /dev/null 2> tests/userprog/wait-killed.errors > tests/userprog/wait-killed.output
perl -I../.. ../../tests/userprog/wait-killed.ck tests/userprog/wait-killed tests/userprog/wait-killed.result
FAIL tests/userprog/wait-killed
Kernel panic in run: PANIC at ../../threads/init.c:273 in parse_options(): unknown option `-f' (use -h for help)
Call stack: 0xc002cc02 0xc00208c4 0xc0020403
Translation of call stack:
0xc002cc02: ustar_make_header (...r.c:112 (discriminator 4))
0xc00208c4: parse_options (.../../../threads/init.c:251)
0xc0020403: main (...d/../../threads/init.c:88)
pintos -v -k -T 60 --qemu  --filesys-size=2 -p tests/userprog/wait-bad-pid -a wait-bad-pid --swap-size=4 -- -q  -f run wait-bad-pid < /dev/null 2> tests/userprog/wait-bad-pid.errors > tests/userprog/wait-bad-pid.output
perl -I../.. ../../tests/userprog/wait-bad-pid.ck tests/userprog/wait-bad-pid tests/userprog/wait-bad-pid.result
FAIL tests/userprog/wait-bad-pid
Kernel panic in run: PANIC at ../../threads/init.c:273 in parse_options(): unknown option `-f' (use -h for help)
Call stack: 0xc002cc02 0xc00208c4 0xc0020403
Translation of call stack:
0xc002cc02: ustar_make_header (...r.c:112 (discriminator 4))
0xc00208c4: parse_options (.../../../threads/init.c:251)
0xc0020403: main (...d/../../threads/init.c:88)
pintos -v -k -T 60 --qemu  --filesys-size=2 -p tests/userprog/multi-recurse -a multi-recurse --swap-size=4 -- -q  -f run 'multi-recurse 15' < /dev/null 2> tests/userprog/multi-recurse.errors > tests/userprog/multi-recurse.output
perl -I../.. ../../tests/userprog/multi-recurse.ck tests/userprog/multi-recurse tests/userprog/multi-recurse.result
FAIL tests/userprog/multi-recurse
Kernel panic in run: PANIC at ../../threads/init.c:273 in parse_options(): unknown option `-f' (use -h for help)
Call stack: 0xc002cc02 0xc00208c4 0xc0020403
Translation of call stack:
0xc002cc02: ustar_make_header (...r.c:112 (discriminator 4))
0xc00208c4: parse_options (.../../../threads/init.c:251)
0xc0020403: main (...d/../../threads/init.c:88)
pintos -v -k -T 60 --qemu  --filesys-size=2 -p tests/userprog/multi-child-fd -a multi-child-fd -p ../../tests/userprog/sample.txt -a sample.txt -p tests/userprog/child-close -a child-close --swap-size=4 -- -q  -f run multi-child-fd < /dev/null 2> tests/userprog/multi-child-fd.errors > tests/userprog/multi-child-fd.output
perl -I../.. ../../tests/userprog/multi-child-fd.ck tests/userprog/multi-child-fd tests/userprog/multi-child-fd.result
FAIL tests/userprog/multi-child-fd
Kernel panic in run: PANIC at ../../threads/init.c:273 in parse_options(): unknown option `-f' (use -h for help)
Call stack: 0xc002cc02 0xc00208c4 0xc0020403
Translation of call stack:
0xc002cc02: ustar_make_header (...r.c:112 (discriminator 4))
0xc00208c4: parse_options (.../../../threads/init.c:251)
0xc0020403: main (...d/../../threads/init.c:88)
pintos -v -k -T 60 --qemu  --filesys-size=2 -p tests/userprog/rox-simple -a rox-simple --swap-size=4 -- -q  -f run rox-simple < /dev/null 2> tests/userprog/rox-simple.errors > tests/userprog/rox-simple.output
perl -I../.. ../../tests/userprog/rox-simple.ck tests/userprog/rox-simple tests/userprog/rox-simple.result
FAIL tests/userprog/rox-simple
Kernel panic in run: PANIC at ../../threads/init.c:273 in parse_options(): unknown option `-f' (use -h for help)
Call stack: 0xc002cc02 0xc00208c4 0xc0020403
Translation of call stack:
0xc002cc02: ustar_make_header (...r.c:112 (discriminator 4))
0xc00208c4: parse_options (.../../../threads/init.c:251)
0xc0020403: main (...d/../../threads/init.c:88)
pintos -v -k -T 60 --qemu  --filesys-size=2 -p tests/userprog/rox-child -a rox-child -p tests/userprog/child-rox -a child-rox --swap-size=4 -- -q  -f run rox-child < /dev/null 2> tests/userprog/rox-child.errors > tests/userprog/rox-child.output
perl -I../.. ../../tests/userprog/rox-child.ck tests/userprog/rox-child tests/userprog/rox-child.result
FAIL tests/userprog/rox-child
Kernel panic in run: PANIC at ../../threads/init.c:273 in parse_options(): unknown option `-f' (use -h for help)
Call stack: 0xc002cc02 0xc00208c4 0xc0020403
Translation of call stack:
0xc002cc02: ustar_make_header (...r.c:112 (discriminator 4))
0xc00208c4: parse_options (.../../../threads/init.c:251)
0xc0020403: main (...d/../../threads/init.c:88)
pintos -v -k -T 60 --qemu  --filesys-size=2 -p tests/userprog/rox-multichild -a rox-multichild -p tests/userprog/child-rox -a child-rox --swap-size=4 -- -q  -f run rox-multichild < /dev/null 2> tests/userprog/rox-multichild.errors > tests/userprog/rox-multichild.output
perl -I../.. ../../tests/userprog/rox-multichild.ck tests/userprog/rox-multichild tests/userprog/rox-multichild.result
FAIL tests/userprog/rox-multichild
Kernel panic in run: PANIC at ../../threads/init.c:273 in parse_options(): unknown option `-f' (use -h for help)
Call stack: 0xc002cc02 0xc00208c4 0xc0020403
Translation of call stack:
0xc002cc02: ustar_make_header (...r.c:112 (discriminator 4))
0xc00208c4: parse_options (.../../../threads/init.c:251)
0xc0020403: main (...d/../../threads/init.c:88)
pintos -v -k -T 60 --qemu  --filesys-size=2 -p tests/userprog/bad-read -a bad-read --swap-size=4 -- -q  -f run bad-read < /dev/null 2> tests/userprog/bad-read.errors > tests/userprog/bad-read.output
perl -I../.. ../../tests/userprog/bad-read.ck tests/userprog/bad-read tests/userprog/bad-read.result
FAIL tests/userprog/bad-read
Kernel panic in run: PANIC at ../../threads/init.c:273 in parse_options(): unknown option `-f' (use -h for help)
Call stack: 0xc002cc02 0xc00208c4 0xc0020403
Translation of call stack:
0xc002cc02: ustar_make_header (...r.c:112 (discriminator 4))
0xc00208c4: parse_options (.../../../threads/init.c:251)
0xc0020403: main (...d/../../threads/init.c:88)
pintos -v -k -T 60 --qemu  --filesys-size=2 -p tests/userprog/bad-write -a bad-write --swap-size=4 -- -q  -f run bad-write < /dev/null 2> tests/userprog/bad-write.errors > tests/userprog/bad-write.output
perl -I../.. ../../tests/userprog/bad-write.ck tests/userprog/bad-write tests/userprog/bad-write.result
FAIL tests/userprog/bad-write
Kernel panic in run: PANIC at ../../threads/init.c:273 in parse_options(): unknown option `-f' (use -h for help)
Call stack: 0xc002cc02 0xc00208c4 0xc0020403
Translation of call stack:
0xc002cc02: ustar_make_header (...r.c:112 (discriminator 4))
0xc00208c4: parse_options (.../../../threads/init.c:251)
0xc0020403: main (...d/../../threads/init.c:88)
pintos -v -k -T 60 --qemu  --filesys-size=2 -p tests/userprog/bad-read2 -a bad-read2 --swap-size=4 -- -q  -f run bad-read2 < /dev/null 2> tests/userprog/bad-read2.errors > tests/userprog/bad-read2.output
perl -I../.. ../../tests/userprog/bad-read2.ck tests/userprog/bad-read2 tests/userprog/bad-read2.result
FAIL tests/userprog/bad-read2
Kernel panic in run: PANIC at ../../threads/init.c:273 in parse_options(): unknown option `-f' (use -h for help)
Call stack: 0xc002cc02 0xc00208c4 0xc0020403
Translation of call stack:
0xc002cc02: ustar_make_header (...r.c:112 (discriminator 4))
0xc00208c4: parse_options (.../../../threads/init.c:251)
0xc0020403: main (...d/../../threads/init.c:88)
pintos -v -k -T 60 --qemu  --filesys-size=2 -p tests/userprog/bad-write2 -a bad-write2 --swap-size=4 -- -q  -f run bad-write2 < /dev/null 2> tests/userprog/bad-write2.errors > tests/userprog/bad-write2.output
perl -I../.. ../../tests/userprog/bad-write2.ck tests/userprog/bad-write2 tests/userprog/bad-write2.result
FAIL tests/userprog/bad-write2
Kernel panic in run: PANIC at ../../threads/init.c:273 in parse_options(): unknown option `-f' (use -h for help)
Call stack: 0xc002cc02 0xc00208c4 0xc0020403
Translation of call stack:
0xc002cc02: ustar_make_header (...r.c:112 (discriminator 4))
0xc00208c4: parse_options (.../../../threads/init.c:251)
0xc0020403: main (...d/../../threads/init.c:88)
pintos -v -k -T 60 --qemu  --filesys-size=2 -p tests/userprog/bad-jump -a bad-jump --swap-size=4 -- -q  -f run bad-jump < /dev/null 2> tests/userprog/bad-jump.errors > tests/userprog/bad-jump.output
perl -I../.. ../../tests/userprog/bad-jump.ck tests/userprog/bad-jump tests/userprog/bad-jump.result
FAIL tests/userprog/bad-jump
Kernel panic in run: PANIC at ../../threads/init.c:273 in parse_options(): unknown option `-f' (use -h for help)
Call stack: 0xc002cc02 0xc00208c4 0xc0020403
Translation of call stack:
0xc002cc02: ustar_make_header (...r.c:112 (discriminator 4))
0xc00208c4: parse_options (.../../../threads/init.c:251)
0xc0020403: main (...d/../../threads/init.c:88)
pintos -v -k -T 60 --qemu  --filesys-size=2 -p tests/userprog/bad-jump2 -a bad-jump2 --swap-size=4 -- -q  -f run bad-jump2 < /dev/null 2> tests/userprog/bad-jump2.errors > tests/userprog/bad-jump2.output
perl -I../.. ../../tests/userprog/bad-jump2.ck tests/userprog/bad-jump2 tests/userprog/bad-jump2.result
FAIL tests/userprog/bad-jump2
Kernel panic in run: PANIC at ../../threads/init.c:273 in parse_options(): unknown option `-f' (use -h for help)
Call stack: 0xc002cc02 0xc00208c4 0xc0020403
Translation of call stack:
0xc002cc02: ustar_make_header (...r.c:112 (discriminator 4))
0xc00208c4: parse_options (.../../../threads/init.c:251)
0xc0020403: main (...d/../../threads/init.c:88)
pintos -v -k -T 60 --qemu  --filesys-size=2 -p tests/vm/pt-grow-stack -a pt-grow-stack --swap-size=4 -- -q  -f run pt-grow-stack < /dev/null 2> tests/vm/pt-grow-stack.errors > tests/vm/pt-grow-stack.output
perl -I../.. ../../tests/vm/pt-grow-stack.ck tests/vm/pt-grow-stack tests/vm/pt-grow-stack.result
FAIL tests/vm/pt-grow-stack
Kernel panic in run: PANIC at ../../threads/init.c:273 in parse_options(): unknown option `-f' (use -h for help)
Call stack: 0xc002cc02 0xc00208c4 0xc0020403
Translation of call stack:
0xc002cc02: ustar_make_header (...r.c:112 (discriminator 4))
0xc00208c4: parse_options (.../../../threads/init.c:251)
0xc0020403: main (...d/../../threads/init.c:88)
pintos -v -k -T 60 --qemu  --filesys-size=2 -p tests/vm/pt-grow-pusha -a pt-grow-pusha --swap-size=4 -- -q  -f run pt-grow-pusha < /dev/null 2> tests/vm/pt-grow-pusha.errors > tests/vm/pt-grow-pusha.output
perl -I../.. ../../tests/vm/pt-grow-pusha.ck tests/vm/pt-grow-pusha tests/vm/pt-grow-pusha.result
FAIL tests/vm/pt-grow-pusha
Kernel panic in run: PANIC at ../../threads/init.c:273 in parse_options(): unknown option `-f' (use -h for help)
Call stack: 0xc002cc02 0xc00208c4 0xc0020403
Translation of call stack:
0xc002cc02: ustar_make_header (...r.c:112 (discriminator 4))
0xc00208c4: parse_options (.../../../threads/init.c:251)
0xc0020403: main (...d/../../threads/init.c:88)
pintos -v -k -T 60 --qemu  --filesys-size=2 -p tests/vm/pt-grow-bad -a pt-grow-bad --swap-size=4 -- -q  -f run pt-grow-bad < /dev/null 2> tests/vm/pt-grow-bad.errors > tests/vm/pt-grow-bad.output
perl -I../.. ../../tests/vm/pt-grow-bad.ck tests/vm/pt-grow-bad tests/vm/pt-grow-bad.result
FAIL tests/vm/pt-grow-bad
Kernel panic in run: PANIC at ../../threads/init.c:273 in parse_options(): unknown option `-f' (use -h for help)
Call stack: 0xc002cc02 0xc00208c4 0xc0020403
Translation of call stack:
0xc002cc02: ustar_make_header (...r.c:112 (discriminator 4))
0xc00208c4: parse_options (.../../../threads/init.c:251)
0xc0020403: main (...d/../../threads/init.c:88)
pintos -v -k -T 60 --qemu  --filesys-size=2 -p tests/vm/pt-big-stk-obj -a pt-big-stk-obj --swap-size=4 -- -q  -f run pt-big-stk-obj < /dev/null 2> tests/vm/pt-big-stk-obj.errors > tests/vm/pt-big-stk-obj.output
perl -I../.. ../../tests/vm/pt-big-stk-obj.ck tests/vm/pt-big-stk-obj tests/vm/pt-big-stk-obj.result
FAIL tests/vm/pt-big-stk-obj
Kernel panic in run: PANIC at ../../threads/init.c:273 in parse_options(): unknown option `-f' (use -h for help)
Call stack: 0xc002cc02 0xc00208c4 0xc0020403
Translation of call stack:
0xc002cc02: ustar_make_header (...r.c:112 (discriminator 4))
0xc00208c4: parse_options (.../../../threads/init.c:251)
0xc0020403: main (...d/../../threads/init.c:88)
pintos -v -k -T 60 --qemu  --filesys-size=2 -p tests/vm/pt-bad-addr -a pt-bad-addr --swap-size=4 -- -q  -f run pt-bad-addr < /dev/null 2> tests/vm/pt-bad-addr.errors > tests/vm/pt-bad-addr.output
perl -I../.. ../../tests/vm/pt-bad-addr.ck tests/vm/pt-bad-addr tests/vm/pt-bad-addr.result
FAIL tests/vm/pt-bad-addr
Kernel panic in run: PANIC at ../../threads/init.c:273 in parse_options(): unknown option `-f' (use -h for help)
Call stack: 0xc002cc02 0xc00208c4 0xc0020403
Translation of call stack:
0xc002cc02: ustar_make_header (...r.c:112 (discriminator 4))
0xc00208c4: parse_options (.../../../threads/init.c:251)
0xc0020403: main (...d/../../threads/init.c:88)
pintos -v -k -T 60 --qemu  --filesys-size=2 -p tests/vm/pt-bad-read -a pt-bad-read -p ../../tests/vm/sample.txt -a sample.txt --swap-size=4 -- -q  -f run pt-bad-read < /dev/null 2> tests/vm/pt-bad-read.errors > tests/vm/pt-bad-read.output
perl -I../.. ../../tests/vm/pt-bad-read.ck tests/vm/pt-bad-read tests/vm/pt-bad-read.result
FAIL tests/vm/pt-bad-read
Kernel panic in run: PANIC at ../../threads/init.c:273 in parse_options(): unknown option `-f' (use -h for help)
Call stack: 0xc002cc02 0xc00208c4 0xc0020403
Translation of call stack:
0xc002cc02: ustar_make_header (...r.c:112 (discriminator 4))
0xc00208c4: parse_options (.../../../threads/init.c:251)
0xc0020403: main (...d/../../threads/init.c:88)
pintos -v -k -T 60 --qemu  --filesys-size=2 -p tests/vm/pt-write-code -a pt-write-code --swap-size=4 -- -q  -f run pt-write-code < /dev/null 2> tests/vm/pt-write-code.errors > tests/vm/pt-write-code.output
perl -I../.. ../../tests/vm/pt-write-code.ck tests/vm/pt-write-code tests/vm/pt-write-code.result
FAIL tests/vm/pt-write-code
Kernel panic in run: PANIC at ../../threads/init.c:273 in parse_options(): unknown option `-f' (use -h for help)
Call stack: 0xc002cc02 0xc00208c4 0xc0020403
Translation of call stack:
0xc002cc02: ustar_make_header (...r.c:112 (discriminator 4))
0xc00208c4: parse_options (.../../../threads/init.c:251)
0xc0020403: main (...d/../../threads/init.c:88)
pintos -v -k -T 60 --qemu  --filesys-size=2 -p tests/vm/pt-write-code2 -a pt-write-code2 -p ../../tests/vm/sample.txt -a sample.txt --swap-size=4 -- -q  -f run pt-write-code2 < /dev/null 2> tests/vm/pt-write-code2.errors > tests/vm/pt-write-code2.output
perl -I../.. ../../tests/vm/pt-write-code2.ck tests/vm/pt-write-code2 tests/vm/pt-write-code2.result
FAIL tests/vm/pt-write-code2
Kernel panic in run: PANIC at ../../threads/init.c:273 in parse_options(): unknown option `-f' (use -h for help)
Call stack: 0xc002cc02 0xc00208c4 0xc0020403
Translation of call stack:
0xc002cc02: ustar_make_header (...r.c:112 (discriminator 4))
0xc00208c4: parse_options (.../../../threads/init.c:251)
0xc0020403: main (...d/../../threads/init.c:88)
pintos -v -k -T 60 --qemu  --filesys-size=2 -p tests/vm/pt-grow-stk-sc -a pt-grow-stk-sc --swap-size=4 -- -q  -f run pt-grow-stk-sc < /dev/null 2> tests/vm/pt-grow-stk-sc.errors > tests/vm/pt-grow-stk-sc.output
perl -I../.. ../../tests/vm/pt-grow-stk-sc.ck tests/vm/pt-grow-stk-sc tests/vm/pt-grow-stk-sc.result
FAIL tests/vm/pt-grow-stk-sc
Kernel panic in run: PANIC at ../../threads/init.c:273 in parse_options(): unknown option `-f' (use -h for help)
Call stack: 0xc002cc02 0xc00208c4 0xc0020403
Translation of call stack:
0xc002cc02: ustar_make_header (...r.c:112 (discriminator 4))
0xc00208c4: parse_options (.../../../threads/init.c:251)
0xc0020403: main (...d/../../threads/init.c:88)
pintos -v -k -T 300 --qemu  --filesys-size=2 -p tests/vm/page-linear -a page-linear --swap-size=4 -- -q  -f run page-linear < /dev/null 2> tests/vm/page-linear.errors > tests/vm/page-linear.output
perl -I../.. ../../tests/vm/page-linear.ck tests/vm/page-linear tests/vm/page-linear.result
FAIL tests/vm/page-linear
Kernel panic in run: PANIC at ../../threads/init.c:273 in parse_options(): unknown option `-f' (use -h for help)
Call stack: 0xc002cc02 0xc00208c4 0xc0020403
Translation of call stack:
0xc002cc02: ustar_make_header (...r.c:112 (discriminator 4))
0xc00208c4: parse_options (.../../../threads/init.c:251)
0xc0020403: main (...d/../../threads/init.c:88)
pintos -v -k -T 60 --qemu  --filesys-size=2 -p tests/vm/page-parallel -a page-parallel -p tests/vm/child-linear -a child-linear --swap-size=4 -- -q  -f run page-parallel < /dev/null 2> tests/vm/page-parallel.errors > tests/vm/page-parallel.output
perl -I../.. ../../tests/vm/page-parallel.ck tests/vm/page-parallel tests/vm/page-parallel.result
FAIL tests/vm/page-parallel
Kernel panic in run: PANIC at ../../threads/init.c:273 in parse_options(): unknown option `-f' (use -h for help)
Call stack: 0xc002cc02 0xc00208c4 0xc0020403
Translation of call stack:
0xc002cc02: ustar_make_header (...r.c:112 (discriminator 4))
0xc00208c4: parse_options (.../../../threads/init.c:251)
0xc0020403: main (...d/../../threads/init.c:88)
pintos -v -k -T 600 --qemu  --filesys-size=2 -p tests/vm/page-merge-seq -a page-merge-seq -p tests/vm/child-sort -a child-sort --swap-size=4 -- -q  -f run page-merge-seq < /dev/null 2> tests/vm/page-merge-seq.errors > tests/vm/page-merge-seq.output
perl -I../.. ../../tests/vm/page-merge-seq.ck tests/vm/page-merge-seq tests/vm/page-merge-seq.result
FAIL tests/vm/page-merge-seq
Kernel panic in run: PANIC at ../../threads/init.c:273 in parse_options(): unknown option `-f' (use -h for help)
Call stack: 0xc002cc02 0xc00208c4 0xc0020403
Translation of call stack:
0xc002cc02: ustar_make_header (...r.c:112 (discriminator 4))
0xc00208c4: parse_options (.../../../threads/init.c:251)
0xc0020403: main (...d/../../threads/init.c:88)
pintos -v -k -T 600 --qemu  --filesys-size=2 -p tests/vm/page-merge-par -a page-merge-par -p tests/vm/child-sort -a child-sort --swap-size=4 -- -q  -f run page-merge-par < /dev/null 2> tests/vm/page-merge-par.errors > tests/vm/page-merge-par.output
perl -I../.. ../../tests/vm/page-merge-par.ck tests/vm/page-merge-par tests/vm/page-merge-par.result
FAIL tests/vm/page-merge-par
Kernel panic in run: PANIC at ../../threads/init.c:273 in parse_options(): unknown option `-f' (use -h for help)
Call stack: 0xc002cc02 0xc00208c4 0xc0020403
Translation of call stack:
0xc002cc02: ustar_make_header (...r.c:112 (discriminator 4))
0xc00208c4: parse_options (.../../../threads/init.c:251)
0xc0020403: main (...d/../../threads/init.c:88)
pintos -v -k -T 60 --qemu  --filesys-size=2 -p tests/vm/page-merge-stk -a page-merge-stk -p tests/vm/child-qsort -a child-qsort --swap-size=4 -- -q  -f run page-merge-stk < /dev/null 2> tests/vm/page-merge-stk.errors > tests/vm/page-merge-stk.output
perl -I../.. ../../tests/vm/page-merge-stk.ck tests/vm/page-merge-stk tests/vm/page-merge-stk.result
FAIL tests/vm/page-merge-stk
Kernel panic in run: PANIC at ../../threads/init.c:273 in parse_options(): unknown option `-f' (use -h for help)
Call stack: 0xc002cc02 0xc00208c4 0xc0020403
Translation of call stack:
0xc002cc02: ustar_make_header (...r.c:112 (discriminator 4))
0xc00208c4: parse_options (.../../../threads/init.c:251)
0xc0020403: main (...d/../../threads/init.c:88)
pintos -v -k -T 60 --qemu  --filesys-size=2 -p tests/vm/page-merge-mm -a page-merge-mm -p tests/vm/child-qsort-mm -a child-qsort-mm --swap-size=4 -- -q  -f run page-merge-mm < /dev/null 2> tests/vm/page-merge-mm.errors > tests/vm/page-merge-mm.output
perl -I../.. ../../tests/vm/page-merge-mm.ck tests/vm/page-merge-mm tests/vm/page-merge-mm.result
FAIL tests/vm/page-merge-mm
Kernel panic in run: PANIC at ../../threads/init.c:273 in parse_options(): unknown option `-f' (use -h for help)
Call stack: 0xc002cc02 0xc00208c4 0xc0020403
Translation of call stack:
0xc002cc02: ustar_make_header (...r.c:112 (discriminator 4))
0xc00208c4: parse_options (.../../../threads/init.c:251)
0xc0020403: main (...d/../../threads/init.c:88)
pintos -v -k -T 600 --qemu  --filesys-size=2 -p tests/vm/page-shuffle -a page-shuffle --swap-size=4 -- -q  -f run page-shuffle < /dev/null 2> tests/vm/page-shuffle.errors > tests/vm/page-shuffle.output
perl -I../.. ../../tests/vm/page-shuffle.ck tests/vm/page-shuffle tests/vm/page-shuffle.result
FAIL tests/vm/page-shuffle
Kernel panic in run: PANIC at ../../threads/init.c:273 in parse_options(): unknown option `-f' (use -h for help)
Call stack: 0xc002cc02 0xc00208c4 0xc0020403
Translation of call stack:
0xc002cc02: ustar_make_header (...r.c:112 (discriminator 4))
0xc00208c4: parse_options (.../../../threads/init.c:251)
0xc0020403: main (...d/../../threads/init.c:88)
pintos -v -k -T 60 --qemu  --filesys-size=2 -p tests/vm/mmap-read -a mmap-read -p ../../tests/vm/sample.txt -a sample.txt --swap-size=4 -- -q  -f run mmap-read < /dev/null 2> tests/vm/mmap-read.errors > tests/vm/mmap-read.output
perl -I../.. ../../tests/vm/mmap-read.ck tests/vm/mmap-read tests/vm/mmap-read.result
FAIL tests/vm/mmap-read
Kernel panic in run: PANIC at ../../threads/init.c:273 in parse_options(): unknown option `-f' (use -h for help)
Call stack: 0xc002cc02 0xc00208c4 0xc0020403
Translation of call stack:
0xc002cc02: ustar_make_header (...r.c:112 (discriminator 4))
0xc00208c4: parse_options (.../../../threads/init.c:251)
0xc0020403: main (...d/../../threads/init.c:88)
pintos -v -k -T 60 --qemu  --filesys-size=2 -p tests/vm/mmap-close -a mmap-close -p ../../tests/vm/sample.txt -a sample.txt --swap-size=4 -- -q  -f run mmap-close < /dev/null 2> tests/vm/mmap-close.errors > tests/vm/mmap-close.output
perl -I../.. ../../tests/vm/mmap-close.ck tests/vm/mmap-close tests/vm/mmap-close.result
FAIL tests/vm/mmap-close
Kernel panic in run: PANIC at ../../threads/init.c:273 in parse_options(): unknown option `-f' (use -h for help)
Call stack: 0xc002cc02 0xc00208c4 0xc0020403
Translation of call stack:
0xc002cc02: ustar_make_header (...r.c:112 (discriminator 4))
0xc00208c4: parse_options (.../../../threads/init.c:251)
0xc0020403: main (...d/../../threads/init.c:88)
pintos -v -k -T 60 --qemu  --filesys-size=2 -p tests/vm/mmap-unmap -a mmap-unmap -p ../../tests/vm/sample.txt -a sample.txt --swap-size=4 -- -q  -f run mmap-unmap < /dev/null 2> tests/vm/mmap-unmap.errors > tests/vm/mmap-unmap.output
perl -I../.. ../../tests/vm/mmap-unmap.ck tests/vm/mmap-unmap tests/vm/mmap-unmap.result
FAIL tests/vm/mmap-unmap
Kernel panic in run: PANIC at ../../threads/init.c:273 in parse_options(): unknown option `-f' (use -h for help)
Call stack: 0xc002cc02 0xc00208c4 0xc0020403
Translation of call stack:
0xc002cc02: ustar_make_header (...r.c:112 (discriminator 4))
0xc00208c4: parse_options (.../../../threads/init.c:251)
0xc0020403: main (...d/../../threads/init.c:88)
dd if=/dev/zero of=tests/vm/zeros bs=1024 count=6
pintos -v -k -T 60 --qemu  --filesys-size=2 -p tests/vm/mmap-overlap -a mmap-overlap -p tests/vm/zeros -a zeros --swap-size=4 -- -q  -f run mmap-overlap < /dev/null 2> tests/vm/mmap-overlap.errors > tests/vm/mmap-overlap.output
perl -I../.. ../../tests/vm/mmap-overlap.ck tests/vm/mmap-overlap tests/vm/mmap-overlap.result
FAIL tests/vm/mmap-overlap
Kernel panic in run: PANIC at ../../threads/init.c:273 in parse_options(): unknown option `-f' (use -h for help)
Call stack: 0xc002cc02 0xc00208c4 0xc0020403
Translation of call stack:
0xc002cc02: ustar_make_header (...r.c:112 (discriminator 4))
0xc00208c4: parse_options (.../../../threads/init.c:251)
0xc0020403: main (...d/../../threads/init.c:88)
pintos -v -k -T 60 --qemu  --filesys-size=2 -p tests/vm/mmap-twice -a mmap-twice -p ../../tests/vm/sample.txt -a sample.txt --swap-size=4 -- -q  -f run mmap-twice < /dev/null 2> tests/vm/mmap-twice.errors > tests/vm/mmap-twice.output
perl -I../.. ../../tests/vm/mmap-twice.ck tests/vm/mmap-twice tests/vm/mmap-twice.result
FAIL tests/vm/mmap-twice
Kernel panic in run: PANIC at ../../threads/init.c:273 in parse_options(): unknown option `-f' (use -h for help)
Call stack: 0xc002cc02 0xc00208c4 0xc0020403
Translation of call stack:
0xc002cc02: ustar_make_header (...r.c:112 (discriminator 4))
0xc00208c4: parse_options (.../../../threads/init.c:251)
0xc0020403: main (...d/../../threads/init.c:88)
pintos -v -k -T 60 --qemu  --filesys-size=2 -p tests/vm/mmap-write -a mmap-write --swap-size=4 -- -q  -f run mmap-write < /dev/null 2> tests/vm/mmap-write.errors > tests/vm/mmap-write.output
perl -I../.. ../../tests/vm/mmap-write.ck tests/vm/mmap-write tests/vm/mmap-write.result
FAIL tests/vm/mmap-write
Kernel panic in run: PANIC at ../../threads/init.c:273 in parse_options(): unknown option `-f' (use -h for help)
Call stack: 0xc002cc02 0xc00208c4 0xc0020403
Translation of call stack:
0xc002cc02: ustar_make_header (...r.c:112 (discriminator 4))
0xc00208c4: parse_options (.../../../threads/init.c:251)
0xc0020403: main (...d/../../threads/init.c:88)
pintos -v -k -T 60 --qemu  --filesys-size=2 -p tests/vm/mmap-exit -a mmap-exit -p tests/vm/child-mm-wrt -a child-mm-wrt --swap-size=4 -- -q  -f run mmap-exit < /dev/null 2> tests/vm/mmap-exit.errors > tests/vm/mmap-exit.output
perl -I../.. ../../tests/vm/mmap-exit.ck tests/vm/mmap-exit tests/vm/mmap-exit.result
FAIL tests/vm/mmap-exit
Kernel panic in run: PANIC at ../../threads/init.c:273 in parse_options(): unknown option `-f' (use -h for help)
Call stack: 0xc002cc02 0xc00208c4 0xc0020403
Translation of call stack:
0xc002cc02: ustar_make_header (...r.c:112 (discriminator 4))
0xc00208c4: parse_options (.../../../threads/init.c:251)
0xc0020403: main (...d/../../threads/init.c:88)
pintos -v -k -T 600 --qemu  --filesys-size=2 -p tests/vm/mmap-shuffle -a mmap-shuffle --swap-size=4 -- -q  -f run mmap-shuffle < /dev/null 2> tests/vm/mmap-shuffle.errors > tests/vm/mmap-shuffle.output
perl -I../.. ../../tests/vm/mmap-shuffle.ck tests/vm/mmap-shuffle tests/vm/mmap-shuffle.result
FAIL tests/vm/mmap-shuffle
Kernel panic in run: PANIC at ../../threads/init.c:273 in parse_options(): unknown option `-f' (use -h for help)
Call stack: 0xc002cc02 0xc00208c4 0xc0020403
Translation of call stack:
0xc002cc02: ustar_make_header (...r.c:112 (discriminator 4))
0xc00208c4: parse_options (.../../../threads/init.c:251)
0xc0020403: main (...d/../../threads/init.c:88)
pintos -v -k -T 60 --qemu  --filesys-size=2 -p tests/vm/mmap-bad-fd -a mmap-bad-fd --swap-size=4 -- -q  -f run mmap-bad-fd < /dev/null 2> tests/vm/mmap-bad-fd.errors > tests/vm/mmap-bad-fd.output
perl -I../.. ../../tests/vm/mmap-bad-fd.ck tests/vm/mmap-bad-fd tests/vm/mmap-bad-fd.result
FAIL tests/vm/mmap-bad-fd
Kernel panic in run: PANIC at ../../threads/init.c:273 in parse_options(): unknown option `-f' (use -h for help)
Call stack: 0xc002cc02 0xc00208c4 0xc0020403
Translation of call stack:
0xc002cc02: ustar_make_header (...r.c:112 (discriminator 4))
0xc00208c4: parse_options (.../../../threads/init.c:251)
0xc0020403: main (...d/../../threads/init.c:88)
pintos -v -k -T 60 --qemu  --filesys-size=2 -p tests/vm/mmap-clean -a mmap-clean -p ../../tests/vm/sample.txt -a sample.txt --swap-size=4 -- -q  -f run mmap-clean < /dev/null 2> tests/vm/mmap-clean.errors > tests/vm/mmap-clean.output
perl -I../.. ../../tests/vm/mmap-clean.ck tests/vm/mmap-clean tests/vm/mmap-clean.result
FAIL tests/vm/mmap-clean
Kernel panic in run: PANIC at ../../threads/init.c:273 in parse_options(): unknown option `-f' (use -h for help)
Call stack: 0xc002cc02 0xc00208c4 0xc0020403
Translation of call stack:
0xc002cc02: ustar_make_header (...r.c:112 (discriminator 4))
0xc00208c4: parse_options (.../../../threads/init.c:251)
0xc0020403: main (...d/../../threads/init.c:88)
pintos -v -k -T 60 --qemu  --filesys-size=2 -p tests/vm/mmap-inherit -a mmap-inherit -p ../../tests/vm/sample.txt -a sample.txt -p tests/vm/child-inherit -a child-inherit --swap-size=4 -- -q  -f run mmap-inherit < /dev/null 2> tests/vm/mmap-inherit.errors > tests/vm/mmap-inherit.output
perl -I../.. ../../tests/vm/mmap-inherit.ck tests/vm/mmap-inherit tests/vm/mmap-inherit.result
FAIL tests/vm/mmap-inherit
Kernel panic in run: PANIC at ../../threads/init.c:273 in parse_options(): unknown option `-f' (use -h for help)
Call stack: 0xc002cc02 0xc00208c4 0xc0020403
Translation of call stack:
0xc002cc02: ustar_make_header (...r.c:112 (discriminator 4))
0xc00208c4: parse_options (.../../../threads/init.c:251)
0xc0020403: main (...d/../../threads/init.c:88)
pintos -v -k -T 60 --qemu  --filesys-size=2 -p tests/vm/mmap-misalign -a mmap-misalign -p ../../tests/vm/sample.txt -a sample.txt --swap-size=4 -- -q  -f run mmap-misalign < /dev/null 2> tests/vm/mmap-misalign.errors > tests/vm/mmap-misalign.output
perl -I../.. ../../tests/vm/mmap-misalign.ck tests/vm/mmap-misalign tests/vm/mmap-misalign.result
FAIL tests/vm/mmap-misalign
Kernel panic in run: PANIC at ../../threads/init.c:273 in parse_options(): unknown option `-f' (use -h for help)
Call stack: 0xc002cc02 0xc00208c4 0xc0020403
Translation of call stack:
0xc002cc02: ustar_make_header (...r.c:112 (discriminator 4))
0xc00208c4: parse_options (.../../../threads/init.c:251)
0xc0020403: main (...d/../../threads/init.c:88)
pintos -v -k -T 60 --qemu  --filesys-size=2 -p tests/vm/mmap-null -a mmap-null -p ../../tests/vm/sample.txt -a sample.txt --swap-size=4 -- -q  -f run mmap-null < /dev/null 2> tests/vm/mmap-null.errors > tests/vm/mmap-null.output
perl -I../.. ../../tests/vm/mmap-null.ck tests/vm/mmap-null tests/vm/mmap-null.result
FAIL tests/vm/mmap-null
Kernel panic in run: PANIC at ../../threads/init.c:273 in parse_options(): unknown option `-f' (use -h for help)
Call stack: 0xc002cc02 0xc00208c4 0xc0020403
Translation of call stack:
0xc002cc02: ustar_make_header (...r.c:112 (discriminator 4))
0xc00208c4: parse_options (.../../../threads/init.c:251)
0xc0020403: main (...d/../../threads/init.c:88)
pintos -v -k -T 60 --qemu  --filesys-size=2 -p tests/vm/mmap-over-code -a mmap-over-code -p ../../tests/vm/sample.txt -a sample.txt --swap-size=4 -- -q  -f run mmap-over-code < /dev/null 2> tests/vm/mmap-over-code.errors > tests/vm/mmap-over-code.output
perl -I../.. ../../tests/vm/mmap-over-code.ck tests/vm/mmap-over-code tests/vm/mmap-over-code.result
FAIL tests/vm/mmap-over-code
Kernel panic in run: PANIC at ../../threads/init.c:273 in parse_options(): unknown option `-f' (use -h for help)
Call stack: 0xc002cc02 0xc00208c4 0xc0020403
Translation of call stack:
0xc002cc02: ustar_make_header (...r.c:112 (discriminator 4))
0xc00208c4: parse_options (.../../../threads/init.c:251)
0xc0020403: main (...d/../../threads/init.c:88)
pintos -v -k -T 60 --qemu  --filesys-size=2 -p tests/vm/mmap-over-data -a mmap-over-data -p ../../tests/vm/sample.txt -a sample.txt --swap-size=4 -- -q  -f run mmap-over-data < /dev/null 2> tests/vm/mmap-over-data.errors > tests/vm/mmap-over-data.output
perl -I../.. ../../tests/vm/mmap-over-data.ck tests/vm/mmap-over-data tests/vm/mmap-over-data.result
FAIL tests/vm/mmap-over-data
Kernel panic in run: PANIC at ../../threads/init.c:273 in parse_options(): unknown option `-f' (use -h for help)
Call stack: 0xc002cc02 0xc00208c4 0xc0020403
Translation of call stack:
0xc002cc02: ustar_make_header (...r.c:112 (discriminator 4))
0xc00208c4: parse_options (.../../../threads/init.c:251)
0xc0020403: main (...d/../../threads/init.c:88)
pintos -v -k -T 60 --qemu  --filesys-size=2 -p tests/vm/mmap-over-stk -a mmap-over-stk -p ../../tests/vm/sample.txt -a sample.txt --swap-size=4 -- -q  -f run mmap-over-stk < /dev/null 2> tests/vm/mmap-over-stk.errors > tests/vm/mmap-over-stk.output
perl -I../.. ../../tests/vm/mmap-over-stk.ck tests/vm/mmap-over-stk tests/vm/mmap-over-stk.result
FAIL tests/vm/mmap-over-stk
Kernel panic in run: PANIC at ../../threads/init.c:273 in parse_options(): unknown option `-f' (use -h for help)
Call stack: 0xc002cc02 0xc00208c4 0xc0020403
Translation of call stack:
0xc002cc02: ustar_make_header (...r.c:112 (discriminator 4))
0xc00208c4: parse_options (.../../../threads/init.c:251)
0xc0020403: main (...d/../../threads/init.c:88)
pintos -v -k -T 60 --qemu  --filesys-size=2 -p tests/vm/mmap-remove -a mmap-remove -p ../../tests/vm/sample.txt -a sample.txt --swap-size=4 -- -q  -f run mmap-remove < /dev/null 2> tests/vm/mmap-remove.errors > tests/vm/mmap-remove.output
perl -I../.. ../../tests/vm/mmap-remove.ck tests/vm/mmap-remove tests/vm/mmap-remove.result
FAIL tests/vm/mmap-remove
Kernel panic in run: PANIC at ../../threads/init.c:273 in parse_options(): unknown option `-f' (use -h for help)
Call stack: 0xc002cc02 0xc00208c4 0xc0020403
Translation of call stack:
0xc002cc02: ustar_make_header (...r.c:112 (discriminator 4))
0xc00208c4: parse_options (.../../../threads/init.c:251)
0xc0020403: main (...d/../../threads/init.c:88)
pintos -v -k -T 60 --qemu  --filesys-size=2 -p tests/vm/mmap-zero -a mmap-zero --swap-size=4 -- -q  -f run mmap-zero < /dev/null 2> tests/vm/mmap-zero.errors > tests/vm/mmap-zero.output
perl -I../.. ../../tests/vm/mmap-zero.ck tests/vm/mmap-zero tests/vm/mmap-zero.result
FAIL tests/vm/mmap-zero
Kernel panic in run: PANIC at ../../threads/init.c:273 in parse_options(): unknown option `-f' (use -h for help)
Call stack: 0xc002cc02 0xc00208c4 0xc0020403
Translation of call stack:
0xc002cc02: ustar_make_header (...r.c:112 (discriminator 4))
0xc00208c4: parse_options (.../../../threads/init.c:251)
0xc0020403: main (...d/../../threads/init.c:88)
pintos -v -k -T 60 --qemu  --filesys-size=2 -p tests/filesys/base/lg-create -a lg-create --swap-size=4 -- -q  -f run lg-create < /dev/null 2> tests/filesys/base/lg-create.errors > tests/filesys/base/lg-create.output
perl -I../.. ../../tests/filesys/base/lg-create.ck tests/filesys/base/lg-create tests/filesys/base/lg-create.result
FAIL tests/filesys/base/lg-create
Kernel panic in run: PANIC at ../../threads/init.c:273 in parse_options(): unknown option `-f' (use -h for help)
Call stack: 0xc002cc02 0xc00208c4 0xc0020403
Translation of call stack:
0xc002cc02: ustar_make_header (...r.c:112 (discriminator 4))
0xc00208c4: parse_options (.../../../threads/init.c:251)
0xc0020403: main (...d/../../threads/init.c:88)
pintos -v -k -T 60 --qemu  --filesys-size=2 -p tests/filesys/base/lg-full -a lg-full --swap-size=4 -- -q  -f run lg-full < /dev/null 2> tests/filesys/base/lg-full.errors > tests/filesys/base/lg-full.output
perl -I../.. ../../tests/filesys/base/lg-full.ck tests/filesys/base/lg-full tests/filesys/base/lg-full.result
FAIL tests/filesys/base/lg-full
Kernel panic in run: PANIC at ../../threads/init.c:273 in parse_options(): unknown option `-f' (use -h for help)
Call stack: 0xc002cc02 0xc00208c4 0xc0020403
Translation of call stack:
0xc002cc02: ustar_make_header (...r.c:112 (discriminator 4))
0xc00208c4: parse_options (.../../../threads/init.c:251)
0xc0020403: main (...d/../../threads/init.c:88)
pintos -v -k -T 60 --qemu  --filesys-size=2 -p tests/filesys/base/lg-random -a lg-random --swap-size=4 -- -q  -f run lg-random < /dev/null 2> tests/filesys/base/lg-random.errors > tests/filesys/base/lg-random.output
perl -I../.. ../../tests/filesys/base/lg-random.ck tests/filesys/base/lg-random tests/filesys/base/lg-random.result
FAIL tests/filesys/base/lg-random
Kernel panic in run: PANIC at ../../threads/init.c:273 in parse_options(): unknown option `-f' (use -h for help)
Call stack: 0xc002cc02 0xc00208c4 0xc0020403
Translation of call stack:
0xc002cc02: ustar_make_header (...r.c:112 (discriminator 4))
0xc00208c4: parse_options (.../../../threads/init.c:251)
0xc0020403: main (...d/../../threads/init.c:88)
pintos -v -k -T 60 --qemu  --filesys-size=2 -p tests/filesys/base/lg-seq-block -a lg-seq-block --swap-size=4 -- -q  -f run lg-seq-block < /dev/null 2> tests/filesys/base/lg-seq-block.errors > tests/filesys/base/lg-seq-block.output
perl -I../.. ../../tests/filesys/base/lg-seq-block.ck tests/filesys/base/lg-seq-block tests/filesys/base/lg-seq-block.result
FAIL tests/filesys/base/lg-seq-block
Kernel panic in run: PANIC at ../../threads/init.c:273 in parse_options(): unknown option `-f' (use -h for help)
Call stack: 0xc002cc02 0xc00208c4 0xc0020403
Translation of call stack:
0xc002cc02: ustar_make_header (...r.c:112 (discriminator 4))
0xc00208c4: parse_options (.../../../threads/init.c:251)
0xc0020403: main (...d/../../threads/init.c:88)
pintos -v -k -T 60 --qemu  --filesys-size=2 -p tests/filesys/base/lg-seq-random -a lg-seq-random --swap-size=4 -- -q  -f run lg-seq-random < /dev/null 2> tests/filesys/base/lg-seq-random.errors > tests/filesys/base/lg-seq-random.output
perl -I../.. ../../tests/filesys/base/lg-seq-random.ck tests/filesys/base/lg-seq-random tests/filesys/base/lg-seq-random.result
FAIL tests/filesys/base/lg-seq-random
Kernel panic in run: PANIC at ../../threads/init.c:273 in parse_options(): unknown option `-f' (use -h for help)
Call stack: 0xc002cc02 0xc00208c4 0xc0020403
Translation of call stack:
0xc002cc02: ustar_make_header (...r.c:112 (discriminator 4))
0xc00208c4: parse_options (.../../../threads/init.c:251)
0xc0020403: main (...d/../../threads/init.c:88)
pintos -v -k -T 60 --qemu  --filesys-size=2 -p tests/filesys/base/sm-create -a sm-create --swap-size=4 -- -q  -f run sm-create < /dev/null 2> tests/filesys/base/sm-create.errors > tests/filesys/base/sm-create.output
perl -I../.. ../../tests/filesys/base/sm-create.ck tests/filesys/base/sm-create tests/filesys/base/sm-create.result
FAIL tests/filesys/base/sm-create
Kernel panic in run: PANIC at ../../threads/init.c:273 in parse_options(): unknown option `-f' (use -h for help)
Call stack: 0xc002cc02 0xc00208c4 0xc0020403
Translation of call stack:
0xc002cc02: ustar_make_header (...r.c:112 (discriminator 4))
0xc00208c4: parse_options (.../../../threads/init.c:251)
0xc0020403: main (...d/../../threads/init.c:88)
pintos -v -k -T 60 --qemu  --filesys-size=2 -p tests/filesys/base/sm-full -a sm-full --swap-size=4 -- -q  -f run sm-full < /dev/null 2> tests/filesys/base/sm-full.errors > tests/filesys/base/sm-full.output
perl -I../.. ../../tests/filesys/base/sm-full.ck tests/filesys/base/sm-full tests/filesys/base/sm-full.result
FAIL tests/filesys/base/sm-full
Kernel panic in run: PANIC at ../../threads/init.c:273 in parse_options(): unknown option `-f' (use -h for help)
Call stack: 0xc002cc02 0xc00208c4 0xc0020403
Translation of call stack:
0xc002cc02: ustar_make_header (...r.c:112 (discriminator 4))
0xc00208c4: parse_options (.../../../threads/init.c:251)
0xc0020403: main (...d/../../threads/init.c:88)
pintos -v -k -T 60 --qemu  --filesys-size=2 -p tests/filesys/base/sm-random -a sm-random --swap-size=4 -- -q  -f run sm-random < /dev/null 2> tests/filesys/base/sm-random.errors > tests/filesys/base/sm-random.output
perl -I../.. ../../tests/filesys/base/sm-random.ck tests/filesys/base/sm-random tests/filesys/base/sm-random.result
FAIL tests/filesys/base/sm-random
Kernel panic in run: PANIC at ../../threads/init.c:273 in parse_options(): unknown option `-f' (use -h for help)
Call stack: 0xc002cc02 0xc00208c4 0xc0020403
Translation of call stack:
0xc002cc02: ustar_make_header (...r.c:112 (discriminator 4))
0xc00208c4: parse_options (.../../../threads/init.c:251)
0xc0020403: main (...d/../../threads/init.c:88)
pintos -v -k -T 60 --qemu  --filesys-size=2 -p tests/filesys/base/sm-seq-block -a sm-seq-block --swap-size=4 -- -q  -f run sm-seq-block < /dev/null 2> tests/filesys/base/sm-seq-block.errors > tests/filesys/base/sm-seq-block.output
perl -I../.. ../../tests/filesys/base/sm-seq-block.ck tests/filesys/base/sm-seq-block tests/filesys/base/sm-seq-block.result
FAIL tests/filesys/base/sm-seq-block
Kernel panic in run: PANIC at ../../threads/init.c:273 in parse_options(): unknown option `-f' (use -h for help)
Call stack: 0xc002cc02 0xc00208c4 0xc0020403
Translation of call stack:
0xc002cc02: ustar_make_header (...r.c:112 (discriminator 4))
0xc00208c4: parse_options (.../../../threads/init.c:251)
0xc0020403: main (...d/../../threads/init.c:88)
pintos -v -k -T 60 --qemu  --filesys-size=2 -p tests/filesys/base/sm-seq-random -a sm-seq-random --swap-size=4 -- -q  -f run sm-seq-random < /dev/null 2> tests/filesys/base/sm-seq-random.errors > tests/filesys/base/sm-seq-random.output
perl -I../.. ../../tests/filesys/base/sm-seq-random.ck tests/filesys/base/sm-seq-random tests/filesys/base/sm-seq-random.result
FAIL tests/filesys/base/sm-seq-random
Kernel panic in run: PANIC at ../../threads/init.c:273 in parse_options(): unknown option `-f' (use -h for help)
Call stack: 0xc002cc02 0xc00208c4 0xc0020403
Translation of call stack:
0xc002cc02: ustar_make_header (...r.c:112 (discriminator 4))
0xc00208c4: parse_options (.../../../threads/init.c:251)
0xc0020403: main (...d/../../threads/init.c:88)
pintos -v -k -T 300 --qemu  --filesys-size=2 -p tests/filesys/base/syn-read -a syn-read -p tests/filesys/base/child-syn-read -a child-syn-read --swap-size=4 -- -q  -f run syn-read < /dev/null 2> tests/filesys/base/syn-read.errors > tests/filesys/base/syn-read.output
perl -I../.. ../../tests/filesys/base/syn-read.ck tests/filesys/base/syn-read tests/filesys/base/syn-read.result
FAIL tests/filesys/base/syn-read
Kernel panic in run: PANIC at ../../threads/init.c:273 in parse_options(): unknown option `-f' (use -h for help)
Call stack: 0xc002cc02 0xc00208c4 0xc0020403
Translation of call stack:
0xc002cc02: ustar_make_header (...r.c:112 (discriminator 4))
0xc00208c4: parse_options (.../../../threads/init.c:251)
0xc0020403: main (...d/../../threads/init.c:88)
pintos -v -k -T 60 --qemu  --filesys-size=2 -p tests/filesys/base/syn-remove -a syn-remove --swap-size=4 -- -q  -f run syn-remove < /dev/null 2> tests/filesys/base/syn-remove.errors > tests/filesys/base/syn-remove.output
perl -I../.. ../../tests/filesys/base/syn-remove.ck tests/filesys/base/syn-remove tests/filesys/base/syn-remove.result
FAIL tests/filesys/base/syn-remove
Kernel panic in run: PANIC at ../../threads/init.c:273 in parse_options(): unknown option `-f' (use -h for help)
Call stack: 0xc002cc02 0xc00208c4 0xc0020403
Translation of call stack:
0xc002cc02: ustar_make_header (...r.c:112 (discriminator 4))
0xc00208c4: parse_options (.../../../threads/init.c:251)
0xc0020403: main (...d/../../threads/init.c:88)
pintos -v -k -T 60 --qemu  --filesys-size=2 -p tests/filesys/base/syn-write -a syn-write -p tests/filesys/base/child-syn-wrt -a child-syn-wrt --swap-size=4 -- -q  -f run syn-write < /dev/null 2> tests/filesys/base/syn-write.errors > tests/filesys/base/syn-write.output
perl -I../.. ../../tests/filesys/base/syn-write.ck tests/filesys/base/syn-write tests/filesys/base/syn-write.result
FAIL tests/filesys/base/syn-write
Kernel panic in run: PANIC at ../../threads/init.c:273 in parse_options(): unknown option `-f' (use -h for help)
Call stack: 0xc002cc02 0xc00208c4 0xc0020403
Translation of call stack:
0xc002cc02: ustar_make_header (...r.c:112 (discriminator 4))
0xc00208c4: parse_options (.../../../threads/init.c:251)
0xc0020403: main (...d/../../threads/init.c:88)
FAIL tests/userprog/args-none
FAIL tests/userprog/args-single
FAIL tests/userprog/args-multiple
FAIL tests/userprog/args-many
FAIL tests/userprog/args-dbl-space
FAIL tests/userprog/sc-bad-sp
FAIL tests/userprog/sc-bad-arg
FAIL tests/userprog/sc-boundary
FAIL tests/userprog/sc-boundary-2
FAIL tests/userprog/sc-boundary-3
FAIL tests/userprog/halt
FAIL tests/userprog/exit
FAIL tests/userprog/create-normal
FAIL tests/userprog/create-empty
FAIL tests/userprog/create-null
FAIL tests/userprog/create-bad-ptr
FAIL tests/userprog/create-long
FAIL tests/userprog/create-exists
FAIL tests/userprog/create-bound
FAIL tests/userprog/open-normal
FAIL tests/userprog/open-missing
FAIL tests/userprog/open-boundary
FAIL tests/userprog/open-empty
FAIL tests/userprog/open-null
FAIL tests/userprog/open-bad-ptr
FAIL tests/userprog/open-twice
FAIL tests/userprog/close-normal
FAIL tests/userprog/close-twice
FAIL tests/userprog/close-stdin
FAIL tests/userprog/close-stdout
FAIL tests/userprog/close-bad-fd
FAIL tests/userprog/read-normal
FAIL tests/userprog/read-bad-ptr
FAIL tests/userprog/read-boundary
FAIL tests/userprog/read-zero
FAIL tests/userprog/read-stdout
FAIL tests/userprog/read-bad-fd
FAIL tests/userprog/write-normal
FAIL tests/userprog/write-bad-ptr
FAIL tests/userprog/write-boundary
FAIL tests/userprog/write-zero
FAIL tests/userprog/write-stdin
FAIL tests/userprog/write-bad-fd
FAIL tests/userprog/exec-once
FAIL tests/userprog/exec-arg
FAIL tests/userprog/exec-bound
FAIL tests/userprog/exec-bound-2
FAIL tests/userprog/exec-bound-3
FAIL tests/userprog/exec-multiple
FAIL tests/userprog/exec-missing
FAIL tests/userprog/exec-bad-ptr
FAIL tests/userprog/wait-simple
FAIL tests/userprog/wait-twice
FAIL tests/userprog/wait-killed
FAIL tests/userprog/wait-bad-pid
FAIL tests/userprog/multi-recurse
FAIL tests/userprog/multi-child-fd
FAIL tests/userprog/rox-simple
FAIL tests/userprog/rox-child
FAIL tests/userprog/rox-multichild
FAIL tests/userprog/bad-read
FAIL tests/userprog/bad-write
FAIL tests/userprog/bad-read2
FAIL tests/userprog/bad-write2
FAIL tests/userprog/bad-jump
FAIL tests/userprog/bad-jump2
FAIL tests/vm/pt-grow-stack
FAIL tests/vm/pt-grow-pusha
FAIL tests/vm/pt-grow-bad
FAIL tests/vm/pt-big-stk-obj
FAIL tests/vm/pt-bad-addr
FAIL tests/vm/pt-bad-read
FAIL tests/vm/pt-write-code
FAIL tests/vm/pt-write-code2
FAIL tests/vm/pt-grow-stk-sc
FAIL tests/vm/page-linear
FAIL tests/vm/page-parallel
FAIL tests/vm/page-merge-seq
FAIL tests/vm/page-merge-par
FAIL tests/vm/page-merge-stk
FAIL tests/vm/page-merge-mm
FAIL tests/vm/page-shuffle
FAIL tests/vm/mmap-read
FAIL tests/vm/mmap-close
FAIL tests/vm/mmap-unmap
FAIL tests/vm/mmap-overlap
FAIL tests/vm/mmap-twice
FAIL tests/vm/mmap-write
FAIL tests/vm/mmap-exit
FAIL tests/vm/mmap-shuffle
FAIL tests/vm/mmap-bad-fd
FAIL tests/vm/mmap-clean
FAIL tests/vm/mmap-inherit
FAIL tests/vm/mmap-misalign
FAIL tests/vm/mmap-null
FAIL tests/vm/mmap-over-code
FAIL tests/vm/mmap-over-data
FAIL tests/vm/mmap-over-stk
FAIL tests/vm/mmap-remove
FAIL tests/vm/mmap-zero
FAIL tests/filesys/base/lg-create
FAIL tests/filesys/base/lg-full
FAIL tests/filesys/base/lg-random
FAIL tests/filesys/base/lg-seq-block
FAIL tests/filesys/base/lg-seq-random
FAIL tests/filesys/base/sm-create
FAIL tests/filesys/base/sm-full
FAIL tests/filesys/base/sm-random
FAIL tests/filesys/base/sm-seq-block
FAIL tests/filesys/base/sm-seq-random
FAIL tests/filesys/base/syn-read
FAIL tests/filesys/base/syn-remove
FAIL tests/filesys/base/syn-write
113 of 113 tests failed.
make[1]: Leaving directory '/home/donct/pintos/src/vm/build'
